2023-10-07 18:12:37,343 [main] INFO  o.s.t.c.s.AnnotationConfigContextLoaderUtils       - Could not detect default configuration classes for test class [com.example.demo.MiniProject1UserManagementApplicationTests]: MiniProject1UserManagementApplicationTests does not declare any static, non-private, non-final, nested classes annotated with @Configuration.
2023-10-07 18:12:37,519 [main] INFO  o.s.b.t.c.SpringBootTestContextBootstrapper        - Found @SpringBootConfiguration com.example.demo.MiniProject1UserManagementApplication for test class com.example.demo.MiniProject1UserManagementApplicationTests
2023-10-07 18:12:38,125 [main] INFO  c.e.d.MiniProject1UserManagementApplicationTests   - Starting MiniProject1UserManagementApplicationTests using Java 19.0.2 with PID 896 (started by satis in D:\AshokIT\Projects\MiniProject1\MiniProject-1-UserManagement)
2023-10-07 18:12:38,126 [main] INFO  c.e.d.MiniProject1UserManagementApplicationTests   - No active profile set, falling back to 1 default profile: "default"
2023-10-07 18:12:39,184 [main] INFO  o.s.d.r.c.RepositoryConfigurationDelegate          - Bootstrapping Spring Data JPA repositories in DEFAULT mode.
2023-10-07 18:12:39,278 [main] INFO  o.s.d.r.c.RepositoryConfigurationDelegate          - Finished Spring Data repository scanning in 83 ms. Found 1 JPA repository interfaces.
2023-10-07 18:12:40,012 [main] INFO  com.zaxxer.hikari.HikariDataSource                 - HikariPool-1 - Starting...
2023-10-07 18:12:40,291 [main] INFO  com.zaxxer.hikari.pool.HikariPool                  - HikariPool-1 - Added connection conn0: url=jdbc:h2:mem:jrtpdb user=ASHOKIT
2023-10-07 18:12:40,293 [main] INFO  com.zaxxer.hikari.HikariDataSource                 - HikariPool-1 - Start completed.
2023-10-07 18:12:40,417 [main] INFO  o.hibernate.jpa.internal.util.LogHelper            - HHH000204: Processing PersistenceUnitInfo [name: default]
2023-10-07 18:12:40,584 [main] INFO  org.hibernate.Version                              - HHH000412: Hibernate ORM core version 6.2.9.Final
2023-10-07 18:12:40,587 [main] INFO  org.hibernate.cfg.Environment                      - HHH000406: Using bytecode reflection optimizer
2023-10-07 18:12:41,042 [main] INFO  o.h.b.internal.BytecodeProviderInitiator           - HHH000021: Bytecode provider name : bytebuddy
2023-10-07 18:12:41,317 [main] INFO  o.s.o.j.p.SpringPersistenceUnitInfo                - No LoadTimeWeaver setup: ignoring JPA class transformer
2023-10-07 18:12:41,843 [main] INFO  o.h.b.internal.BytecodeProviderInitiator           - HHH000021: Bytecode provider name : bytebuddy
2023-10-07 18:12:42,653 [main] INFO  o.h.e.t.j.p.i.JtaPlatformInitiator                 - HHH000490: Using JtaPlatform implementation: [org.hibernate.engine.transaction.jta.platform.internal.NoJtaPlatform]
2023-10-07 18:12:42,695 [main] INFO  o.s.o.j.LocalContainerEntityManagerFactoryBean     - Initialized JPA EntityManagerFactory for persistence unit 'default'
2023-10-07 18:12:43,123 [main] INFO  o.s.d.j.r.query.QueryEnhancerFactory               - Hibernate is in classpath; If applicable, HQL parser will be used.
2023-10-07 18:12:43,981 [main] WARN  o.s.b.a.o.j.JpaBaseConfiguration$JpaWebConfiguration - spring.jpa.open-in-view is enabled by default. Therefore, database queries may be performed during view rendering. Explicitly configure spring.jpa.open-in-view to disable this warning
2023-10-07 18:12:44,559 [main] INFO  o.s.b.a.w.s.WelcomePageHandlerMapping              - Adding welcome page template: index
2023-10-07 18:12:44,938 [main] INFO  c.e.d.MiniProject1UserManagementApplicationTests   - Started MiniProject1UserManagementApplicationTests in 7.166 seconds (process running for 8.781)
2023-10-07 18:12:45,661 [SpringApplicationShutdownHook] INFO  o.s.o.j.LocalContainerEntityManagerFactoryBean     - Closing JPA EntityManagerFactory for persistence unit 'default'
2023-10-07 18:12:45,869 [SpringApplicationShutdownHook] INFO  com.zaxxer.hikari.HikariDataSource                 - HikariPool-1 - Shutdown initiated...
2023-10-07 18:12:45,880 [SpringApplicationShutdownHook] INFO  com.zaxxer.hikari.HikariDataSource                 - HikariPool-1 - Shutdown completed.
2023-10-07 18:16:18,655 [restartedMain] INFO  c.e.d.MiniProject1UserManagementApplication        - Starting MiniProject1UserManagementApplication using Java 19.0.2 with PID 8472 (D:\AshokIT\Projects\MiniProject1\MiniProject-1-UserManagement\target\classes started by satis in D:\AshokIT\Projects\MiniProject1\MiniProject-1-UserManagement)
2023-10-07 18:16:18,659 [restartedMain] INFO  c.e.d.MiniProject1UserManagementApplication        - No active profile set, falling back to 1 default profile: "default"
2023-10-07 18:16:18,728 [restartedMain] INFO  o.s.b.d.e.DevToolsPropertyDefaultsPostProcessor    - Devtools property defaults active! Set 'spring.devtools.add-properties' to 'false' to disable
2023-10-07 18:16:18,728 [restartedMain] INFO  o.s.b.d.e.DevToolsPropertyDefaultsPostProcessor    - For additional web related logging consider setting the 'logging.level.web' property to 'DEBUG'
2023-10-07 18:16:19,332 [restartedMain] INFO  o.s.d.r.c.RepositoryConfigurationDelegate          - Bootstrapping Spring Data JPA repositories in DEFAULT mode.
2023-10-07 18:16:19,389 [restartedMain] INFO  o.s.d.r.c.RepositoryConfigurationDelegate          - Finished Spring Data repository scanning in 51 ms. Found 1 JPA repository interfaces.
2023-10-07 18:16:19,928 [restartedMain] INFO  o.s.b.w.embedded.tomcat.TomcatWebServer            - Tomcat initialized with port(s): 8080 (http)
2023-10-07 18:16:19,937 [restartedMain] INFO  o.apache.coyote.http11.Http11NioProtocol           - Initializing ProtocolHandler ["http-nio-8080"]
2023-10-07 18:16:19,940 [restartedMain] INFO  o.apache.catalina.core.StandardService             - Starting service [Tomcat]
2023-10-07 18:16:19,940 [restartedMain] INFO  org.apache.catalina.core.StandardEngine            - Starting Servlet engine: [Apache Tomcat/10.1.13]
2023-10-07 18:16:20,003 [restartedMain] INFO  o.a.c.c.C.[Tomcat].[localhost].[/]                 - Initializing Spring embedded WebApplicationContext
2023-10-07 18:16:20,003 [restartedMain] INFO  o.s.b.w.s.c.ServletWebServerApplicationContext     - Root WebApplicationContext: initialization completed in 1274 ms
2023-10-07 18:16:20,033 [restartedMain] INFO  com.zaxxer.hikari.HikariDataSource                 - HikariPool-1 - Starting...
2023-10-07 18:16:20,192 [restartedMain] INFO  com.zaxxer.hikari.pool.HikariPool                  - HikariPool-1 - Added connection conn0: url=jdbc:h2:mem:jrtpdb user=ASHOKIT
2023-10-07 18:16:20,194 [restartedMain] INFO  com.zaxxer.hikari.HikariDataSource                 - HikariPool-1 - Start completed.
2023-10-07 18:16:20,203 [restartedMain] INFO  o.s.b.a.h2.H2ConsoleAutoConfiguration              - H2 console available at '/h2-console'. Database available at 'jdbc:h2:mem:jrtpdb'
2023-10-07 18:16:20,337 [restartedMain] INFO  o.hibernate.jpa.internal.util.LogHelper            - HHH000204: Processing PersistenceUnitInfo [name: default]
2023-10-07 18:16:20,384 [restartedMain] INFO  org.hibernate.Version                              - HHH000412: Hibernate ORM core version 6.2.9.Final
2023-10-07 18:16:20,386 [restartedMain] INFO  org.hibernate.cfg.Environment                      - HHH000406: Using bytecode reflection optimizer
2023-10-07 18:16:20,511 [restartedMain] INFO  o.h.b.internal.BytecodeProviderInitiator           - HHH000021: Bytecode provider name : bytebuddy
2023-10-07 18:16:20,629 [restartedMain] INFO  o.s.o.j.p.SpringPersistenceUnitInfo                - No LoadTimeWeaver setup: ignoring JPA class transformer
2023-10-07 18:16:20,866 [restartedMain] INFO  o.h.b.internal.BytecodeProviderInitiator           - HHH000021: Bytecode provider name : bytebuddy
2023-10-07 18:16:21,486 [restartedMain] INFO  o.h.e.t.j.p.i.JtaPlatformInitiator                 - HHH000490: Using JtaPlatform implementation: [org.hibernate.engine.transaction.jta.platform.internal.NoJtaPlatform]
2023-10-07 18:16:21,522 [restartedMain] INFO  o.s.o.j.LocalContainerEntityManagerFactoryBean     - Initialized JPA EntityManagerFactory for persistence unit 'default'
2023-10-07 18:16:21,761 [restartedMain] INFO  o.s.d.j.r.query.QueryEnhancerFactory               - Hibernate is in classpath; If applicable, HQL parser will be used.
2023-10-07 18:16:22,093 [restartedMain] WARN  o.s.b.a.o.j.JpaBaseConfiguration$JpaWebConfiguration - spring.jpa.open-in-view is enabled by default. Therefore, database queries may be performed during view rendering. Explicitly configure spring.jpa.open-in-view to disable this warning
2023-10-07 18:16:22,207 [restartedMain] INFO  o.s.b.a.w.s.WelcomePageHandlerMapping              - Adding welcome page template: index
2023-10-07 18:16:22,394 [restartedMain] INFO  o.s.b.d.a.OptionalLiveReloadServer                 - LiveReload server is running on port 35729
2023-10-07 18:16:22,412 [restartedMain] INFO  o.apache.coyote.http11.Http11NioProtocol           - Starting ProtocolHandler ["http-nio-8080"]
2023-10-07 18:16:22,433 [restartedMain] INFO  o.s.b.w.embedded.tomcat.TomcatWebServer            - Tomcat started on port(s): 8080 (http) with context path ''
2023-10-07 18:16:22,442 [restartedMain] INFO  c.e.d.MiniProject1UserManagementApplication        - Started MiniProject1UserManagementApplication in 4.174 seconds (process running for 5.191)
2023-10-07 18:16:25,230 [File Watcher] INFO  o.s.b.d.a.LocalDevToolsAutoConfiguration$RestartingClassPathChangeChangedEventListener - Restarting due to 11 class path changes (3 additions, 0 deletions, 8 modifications)
2023-10-07 18:16:25,245 [Thread-6] INFO  o.apache.coyote.http11.Http11NioProtocol           - Pausing ProtocolHandler ["http-nio-8080"]
2023-10-07 18:16:25,245 [Thread-6] INFO  o.apache.catalina.core.StandardService             - Stopping service [Tomcat]
2023-10-07 18:16:25,249 [Thread-6] INFO  o.apache.coyote.http11.Http11NioProtocol           - Stopping ProtocolHandler ["http-nio-8080"]
2023-10-07 18:16:25,251 [Thread-6] INFO  o.apache.coyote.http11.Http11NioProtocol           - Destroying ProtocolHandler ["http-nio-8080"]
2023-10-07 18:16:25,253 [Thread-6] INFO  o.s.o.j.LocalContainerEntityManagerFactoryBean     - Closing JPA EntityManagerFactory for persistence unit 'default'
2023-10-07 18:16:25,460 [Thread-6] WARN  o.s.b.f.support.DisposableBeanAdapter              - Invocation of destroy method failed on bean with name 'inMemoryDatabaseShutdownExecutor': org.h2.jdbc.JdbcSQLNonTransientConnectionException: Database is already closed (to disable automatic closing at VM shutdown, add ";DB_CLOSE_ON_EXIT=FALSE" to the db URL) [90121-214]
2023-10-07 18:16:25,460 [Thread-6] INFO  com.zaxxer.hikari.HikariDataSource                 - HikariPool-1 - Shutdown initiated...
2023-10-07 18:16:25,462 [Thread-6] INFO  com.zaxxer.hikari.HikariDataSource                 - HikariPool-1 - Shutdown completed.
2023-10-07 18:16:25,533 [restartedMain] INFO  c.e.d.MiniProject1UserManagementApplication        - Starting MiniProject1UserManagementApplication using Java 19.0.2 with PID 8472 (D:\AshokIT\Projects\MiniProject1\MiniProject-1-UserManagement\target\classes started by satis in D:\AshokIT\Projects\MiniProject1\MiniProject-1-UserManagement)
2023-10-07 18:16:25,533 [restartedMain] INFO  c.e.d.MiniProject1UserManagementApplication        - No active profile set, falling back to 1 default profile: "default"
2023-10-07 18:16:25,683 [restartedMain] INFO  o.s.d.r.c.RepositoryConfigurationDelegate          - Bootstrapping Spring Data JPA repositories in DEFAULT mode.
2023-10-07 18:16:25,691 [restartedMain] INFO  o.s.d.r.c.RepositoryConfigurationDelegate          - Finished Spring Data repository scanning in 7 ms. Found 1 JPA repository interfaces.
2023-10-07 18:16:25,771 [restartedMain] INFO  o.s.b.w.embedded.tomcat.TomcatWebServer            - Tomcat initialized with port(s): 8080 (http)
2023-10-07 18:16:25,772 [restartedMain] INFO  o.apache.coyote.http11.Http11NioProtocol           - Initializing ProtocolHandler ["http-nio-8080"]
2023-10-07 18:16:25,772 [restartedMain] INFO  o.apache.catalina.core.StandardService             - Starting service [Tomcat]
2023-10-07 18:16:25,772 [restartedMain] INFO  org.apache.catalina.core.StandardEngine            - Starting Servlet engine: [Apache Tomcat/10.1.13]
2023-10-07 18:16:25,788 [restartedMain] INFO  o.a.c.c.C.[Tomcat].[localhost].[/]                 - Initializing Spring embedded WebApplicationContext
2023-10-07 18:16:25,788 [restartedMain] INFO  o.s.b.w.s.c.ServletWebServerApplicationContext     - Root WebApplicationContext: initialization completed in 252 ms
2023-10-07 18:16:25,800 [restartedMain] INFO  com.zaxxer.hikari.HikariDataSource                 - HikariPool-2 - Starting...
2023-10-07 18:16:25,802 [restartedMain] INFO  com.zaxxer.hikari.pool.HikariPool                  - HikariPool-2 - Added connection conn10: url=jdbc:h2:mem:jrtpdb user=ASHOKIT
2023-10-07 18:16:25,802 [restartedMain] INFO  com.zaxxer.hikari.HikariDataSource                 - HikariPool-2 - Start completed.
2023-10-07 18:16:25,802 [restartedMain] INFO  o.s.b.a.h2.H2ConsoleAutoConfiguration              - H2 console available at '/h2-console'. Database available at 'jdbc:h2:mem:jrtpdb'
2023-10-07 18:16:25,822 [restartedMain] INFO  o.hibernate.jpa.internal.util.LogHelper            - HHH000204: Processing PersistenceUnitInfo [name: default]
2023-10-07 18:16:25,826 [restartedMain] INFO  o.h.b.internal.BytecodeProviderInitiator           - HHH000021: Bytecode provider name : bytebuddy
2023-10-07 18:16:25,826 [restartedMain] INFO  o.s.o.j.p.SpringPersistenceUnitInfo                - No LoadTimeWeaver setup: ignoring JPA class transformer
2023-10-07 18:16:25,833 [restartedMain] INFO  o.h.b.internal.BytecodeProviderInitiator           - HHH000021: Bytecode provider name : bytebuddy
2023-10-07 18:16:25,855 [restartedMain] INFO  o.h.e.t.j.p.i.JtaPlatformInitiator                 - HHH000490: Using JtaPlatform implementation: [org.hibernate.engine.transaction.jta.platform.internal.NoJtaPlatform]
2023-10-07 18:16:25,857 [restartedMain] INFO  o.s.o.j.LocalContainerEntityManagerFactoryBean     - Initialized JPA EntityManagerFactory for persistence unit 'default'
2023-10-07 18:16:25,916 [restartedMain] WARN  o.s.b.a.o.j.JpaBaseConfiguration$JpaWebConfiguration - spring.jpa.open-in-view is enabled by default. Therefore, database queries may be performed during view rendering. Explicitly configure spring.jpa.open-in-view to disable this warning
2023-10-07 18:16:25,945 [restartedMain] INFO  o.s.b.a.w.s.WelcomePageHandlerMapping              - Adding welcome page template: index
2023-10-07 18:16:25,988 [restartedMain] INFO  o.s.b.d.a.OptionalLiveReloadServer                 - LiveReload server is running on port 35729
2023-10-07 18:16:25,995 [restartedMain] INFO  o.apache.coyote.http11.Http11NioProtocol           - Starting ProtocolHandler ["http-nio-8080"]
2023-10-07 18:16:25,998 [restartedMain] INFO  o.s.b.w.embedded.tomcat.TomcatWebServer            - Tomcat started on port(s): 8080 (http) with context path ''
2023-10-07 18:16:26,002 [restartedMain] INFO  c.e.d.MiniProject1UserManagementApplication        - Started MiniProject1UserManagementApplication in 0.496 seconds (process running for 8.751)
2023-10-07 18:16:26,003 [restartedMain] INFO  o.s.b.d.a.ConditionEvaluationDeltaLoggingListener  - Condition evaluation unchanged
2023-10-07 23:42:11,579 [RMI TCP Connection(329)-127.0.0.1] INFO  o.s.b.a.SpringApplicationAdminMXBeanRegistrar$SpringApplicationAdmin - Application shutdown requested.
2023-10-07 23:42:11,615 [RMI TCP Connection(329)-127.0.0.1] INFO  o.apache.coyote.http11.Http11NioProtocol           - Pausing ProtocolHandler ["http-nio-8080"]
2023-10-07 23:42:11,615 [RMI TCP Connection(329)-127.0.0.1] INFO  o.apache.catalina.core.StandardService             - Stopping service [Tomcat]
2023-10-07 23:42:11,628 [RMI TCP Connection(329)-127.0.0.1] INFO  o.apache.coyote.http11.Http11NioProtocol           - Stopping ProtocolHandler ["http-nio-8080"]
2023-10-07 23:42:11,630 [RMI TCP Connection(329)-127.0.0.1] INFO  o.apache.coyote.http11.Http11NioProtocol           - Destroying ProtocolHandler ["http-nio-8080"]
2023-10-07 23:42:11,634 [RMI TCP Connection(329)-127.0.0.1] INFO  o.s.o.j.LocalContainerEntityManagerFactoryBean     - Closing JPA EntityManagerFactory for persistence unit 'default'
2023-10-07 23:42:12,054 [RMI TCP Connection(329)-127.0.0.1] WARN  o.s.b.f.support.DisposableBeanAdapter              - Invocation of destroy method failed on bean with name 'inMemoryDatabaseShutdownExecutor': org.h2.jdbc.JdbcSQLNonTransientConnectionException: Database is already closed (to disable automatic closing at VM shutdown, add ";DB_CLOSE_ON_EXIT=FALSE" to the db URL) [90121-214]
2023-10-07 23:42:12,055 [RMI TCP Connection(329)-127.0.0.1] INFO  com.zaxxer.hikari.HikariDataSource                 - HikariPool-2 - Shutdown initiated...
2023-10-07 23:42:12,160 [RMI TCP Connection(329)-127.0.0.1] INFO  com.zaxxer.hikari.HikariDataSource                 - HikariPool-2 - Shutdown completed.
